{"C:\\Users\\Eustaquio\\Documents\\C0DE\\Final Project\\SE\\pos-inventory\\api\\category_models\\category.js": {"path":"C:\\Users\\Eustaquio\\Documents\\C0DE\\Final Project\\SE\\pos-inventory\\api\\category_models\\category.js","statementMap":{"0":{"start":{"line":1,"column":26},"end":{"line":1,"column":45}},"1":{"start":{"line":3,"column":19},"end":{"line":24,"column":1}},"2":{"start":{"line":26,"column":21},"end":{"line":32,"column":1}},"3":{"start":{"line":27,"column":18},"end":{"line":30,"column":5}},"4":{"start":{"line":31,"column":3},"end":{"line":31,"column":17}},"5":{"start":{"line":35,"column":22},"end":{"line":35,"column":36}},"6":{"start":{"line":36,"column":16},"end":{"line":36,"column":47}},"7":{"start":{"line":39,"column":22},"end":{"line":39,"column":79}},"8":{"start":{"line":40,"column":16},"end":{"line":40,"column":58}},"9":{"start":{"line":43,"column":20},"end":{"line":43,"column":34}},"10":{"start":{"line":44,"column":14},"end":{"line":44,"column":50}},"11":{"start":{"line":47,"column":21},"end":{"line":47,"column":35}},"12":{"start":{"line":48,"column":15},"end":{"line":48,"column":44}},"13":{"start":{"line":51,"column":26},"end":{"line":51,"column":40}},"14":{"start":{"line":52,"column":20},"end":{"line":52,"column":59}},"15":{"start":{"line":55,"column":28},"end":{"line":55,"column":42}},"16":{"start":{"line":56,"column":22},"end":{"line":56,"column":83}},"17":{"start":{"line":59,"column":24},"end":{"line":59,"column":38}},"18":{"start":{"line":60,"column":18},"end":{"line":60,"column":53}},"19":{"start":{"line":63,"column":22},"end":{"line":63,"column":36}},"20":{"start":{"line":64,"column":16},"end":{"line":64,"column":47}},"21":{"start":{"line":67,"column":21},"end":{"line":67,"column":35}},"22":{"start":{"line":68,"column":15},"end":{"line":68,"column":44}},"23":{"start":{"line":70,"column":0},"end":{"line":80,"column":2}}},"fnMap":{"0":{"name":"(anonymous_0)","decl":{"start":{"line":26,"column":21},"end":{"line":26,"column":22}},"loc":{"start":{"line":26,"column":48},"end":{"line":32,"column":1}},"line":26}},"branchMap":{"0":{"loc":{"start":{"line":26,"column":22},"end":{"line":26,"column":43}},"type":"default-arg","locations":[{"start":{"line":26,"column":41},"end":{"line":26,"column":43}}],"line":26}},"s":{"0":4,"1":4,"2":4,"3":36,"4":36,"5":4,"6":4,"7":4,"8":4,"9":4,"10":4,"11":4,"12":4,"13":4,"14":4,"15":4,"16":4,"17":4,"18":4,"19":4,"20":4,"21":4,"22":4,"23":4},"f":{"0":36},"b":{"0":[32]},"_coverageSchema":"1a1c01bbd47fc00a2c39e90264f33305004495a9","hash":"95d691342d12566b08434f33878ab5b7e29fe7cb"}
,"C:\\Users\\Eustaquio\\Documents\\C0DE\\Final Project\\SE\\pos-inventory\\api\\category_models\\sale.js": {"path":"C:\\Users\\Eustaquio\\Documents\\C0DE\\Final Project\\SE\\pos-inventory\\api\\category_models\\sale.js","statementMap":{"0":{"start":{"line":1,"column":26},"end":{"line":1,"column":45}},"1":{"start":{"line":3,"column":23},"end":{"line":24,"column":2}},"2":{"start":{"line":26,"column":19},"end":{"line":62,"column":2}},"3":{"start":{"line":64,"column":13},"end":{"line":64,"column":38}},"4":{"start":{"line":66,"column":0},"end":{"line":66,"column":22}}},"fnMap":{},"branchMap":{},"s":{"0":2,"1":2,"2":2,"3":2,"4":2},"f":{},"b":{},"_coverageSchema":"1a1c01bbd47fc00a2c39e90264f33305004495a9","hash":"93fe41c2ac84b6699531435aba9d86daa2950a70"}
,"C:\\Users\\Eustaquio\\Documents\\C0DE\\Final Project\\SE\\pos-inventory\\api\\controller\\authController.js": {"path":"C:\\Users\\Eustaquio\\Documents\\C0DE\\Final Project\\SE\\pos-inventory\\api\\controller\\authController.js","statementMap":{"0":{"start":{"line":1,"column":15},"end":{"line":1,"column":32}},"1":{"start":{"line":2,"column":13},"end":{"line":2,"column":37}},"2":{"start":{"line":3,"column":12},"end":{"line":3,"column":35}},"3":{"start":{"line":4,"column":19},"end":{"line":4,"column":40}},"4":{"start":{"line":5,"column":25},"end":{"line":5,"column":61}},"5":{"start":{"line":7,"column":20},"end":{"line":13,"column":2}},"6":{"start":{"line":15,"column":19},"end":{"line":18,"column":1}},"7":{"start":{"line":20,"column":33},"end":{"line":21,"column":57}},"8":{"start":{"line":21,"column":3},"end":{"line":21,"column":57}},"9":{"start":{"line":23,"column":29},"end":{"line":34,"column":1}},"10":{"start":{"line":24,"column":3},"end":{"line":33,"column":4}},"11":{"start":{"line":25,"column":6},"end":{"line":30,"column":9}},"12":{"start":{"line":32,"column":6},"end":{"line":32,"column":63}},"13":{"start":{"line":36,"column":22},"end":{"line":37,"column":43}},"14":{"start":{"line":37,"column":3},"end":{"line":37,"column":43}},"15":{"start":{"line":39,"column":25},"end":{"line":53,"column":1}},"16":{"start":{"line":40,"column":21},"end":{"line":40,"column":22}},"17":{"start":{"line":41,"column":24},"end":{"line":41,"column":46}},"18":{"start":{"line":42,"column":24},"end":{"line":42,"column":46}},"19":{"start":{"line":43,"column":20},"end":{"line":43,"column":39}},"20":{"start":{"line":44,"column":26},"end":{"line":44,"column":65}},"21":{"start":{"line":46,"column":3},"end":{"line":46,"column":101}},"22":{"start":{"line":46,"column":36},"end":{"line":46,"column":101}},"23":{"start":{"line":47,"column":3},"end":{"line":47,"column":84}},"24":{"start":{"line":47,"column":22},"end":{"line":47,"column":84}},"25":{"start":{"line":48,"column":3},"end":{"line":48,"column":84}},"26":{"start":{"line":48,"column":22},"end":{"line":48,"column":84}},"27":{"start":{"line":49,"column":3},"end":{"line":49,"column":69}},"28":{"start":{"line":49,"column":18},"end":{"line":49,"column":69}},"29":{"start":{"line":50,"column":3},"end":{"line":50,"column":87}},"30":{"start":{"line":50,"column":24},"end":{"line":50,"column":87}},"31":{"start":{"line":52,"column":3},"end":{"line":52,"column":15}},"32":{"start":{"line":55,"column":17},"end":{"line":77,"column":1}},"33":{"start":{"line":56,"column":51},"end":{"line":56,"column":59}},"34":{"start":{"line":58,"column":3},"end":{"line":58,"column":93}},"35":{"start":{"line":58,"column":30},"end":{"line":58,"column":93}},"36":{"start":{"line":60,"column":25},"end":{"line":60,"column":51}},"37":{"start":{"line":61,"column":3},"end":{"line":61,"column":76}},"38":{"start":{"line":61,"column":22},"end":{"line":61,"column":76}},"39":{"start":{"line":63,"column":3},"end":{"line":76,"column":4}},"40":{"start":{"line":64,"column":27},"end":{"line":64,"column":55}},"41":{"start":{"line":65,"column":6},"end":{"line":65,"column":86}},"42":{"start":{"line":65,"column":24},"end":{"line":65,"column":86}},"43":{"start":{"line":67,"column":29},"end":{"line":67,"column":56}},"44":{"start":{"line":68,"column":31},"end":{"line":68,"column":57}},"45":{"start":{"line":70,"column":6},"end":{"line":70,"column":117}},"46":{"start":{"line":71,"column":6},"end":{"line":71,"column":58}},"47":{"start":{"line":73,"column":6},"end":{"line":73,"column":98}},"48":{"start":{"line":75,"column":6},"end":{"line":75,"column":79}},"49":{"start":{"line":79,"column":20},"end":{"line":102,"column":1}},"50":{"start":{"line":80,"column":27},"end":{"line":80,"column":35}},"51":{"start":{"line":82,"column":3},"end":{"line":82,"column":93}},"52":{"start":{"line":82,"column":30},"end":{"line":82,"column":93}},"53":{"start":{"line":84,"column":3},"end":{"line":101,"column":4}},"54":{"start":{"line":86,"column":31},"end":{"line":86,"column":78}},"55":{"start":{"line":88,"column":6},"end":{"line":88,"column":108}},"56":{"start":{"line":88,"column":29},"end":{"line":88,"column":108}},"57":{"start":{"line":90,"column":47},"end":{"line":90,"column":63}},"58":{"start":{"line":91,"column":19},"end":{"line":91,"column":39}},"59":{"start":{"line":92,"column":6},"end":{"line":92,"column":77}},"60":{"start":{"line":92,"column":17},"end":{"line":92,"column":77}},"61":{"start":{"line":95,"column":6},"end":{"line":95,"column":61}},"62":{"start":{"line":96,"column":6},"end":{"line":96,"column":51}},"63":{"start":{"line":98,"column":6},"end":{"line":98,"column":92}},"64":{"start":{"line":100,"column":6},"end":{"line":100,"column":79}},"65":{"start":{"line":104,"column":14},"end":{"line":128,"column":1}},"66":{"start":{"line":105,"column":31},"end":{"line":105,"column":39}},"67":{"start":{"line":107,"column":3},"end":{"line":127,"column":4}},"68":{"start":{"line":108,"column":19},"end":{"line":108,"column":48}},"69":{"start":{"line":109,"column":6},"end":{"line":111,"column":7}},"70":{"start":{"line":110,"column":9},"end":{"line":110,"column":71}},"71":{"start":{"line":113,"column":20},"end":{"line":122,"column":7}},"72":{"start":{"line":124,"column":6},"end":{"line":124,"column":38}},"73":{"start":{"line":126,"column":6},"end":{"line":126,"column":79}},"74":{"start":{"line":130,"column":0},"end":{"line":130,"column":50}}},"fnMap":{"0":{"name":"(anonymous_0)","decl":{"start":{"line":20,"column":33},"end":{"line":20,"column":34}},"loc":{"start":{"line":21,"column":3},"end":{"line":21,"column":57}},"line":21},"1":{"name":"(anonymous_1)","decl":{"start":{"line":23,"column":29},"end":{"line":23,"column":30}},"loc":{"start":{"line":23,"column":52},"end":{"line":34,"column":1}},"line":23},"2":{"name":"(anonymous_2)","decl":{"start":{"line":36,"column":22},"end":{"line":36,"column":23}},"loc":{"start":{"line":37,"column":3},"end":{"line":37,"column":43}},"line":37},"3":{"name":"(anonymous_3)","decl":{"start":{"line":39,"column":25},"end":{"line":39,"column":26}},"loc":{"start":{"line":39,"column":39},"end":{"line":53,"column":1}},"line":39},"4":{"name":"(anonymous_4)","decl":{"start":{"line":55,"column":17},"end":{"line":55,"column":18}},"loc":{"start":{"line":55,"column":37},"end":{"line":77,"column":1}},"line":55},"5":{"name":"(anonymous_5)","decl":{"start":{"line":79,"column":20},"end":{"line":79,"column":21}},"loc":{"start":{"line":79,"column":40},"end":{"line":102,"column":1}},"line":79},"6":{"name":"(anonymous_6)","decl":{"start":{"line":104,"column":14},"end":{"line":104,"column":15}},"loc":{"start":{"line":104,"column":34},"end":{"line":128,"column":1}},"line":104}},"branchMap":{"0":{"loc":{"start":{"line":46,"column":3},"end":{"line":46,"column":101}},"type":"if","locations":[{"start":{"line":46,"column":3},"end":{"line":46,"column":101}},{"start":{},"end":{}}],"line":46},"1":{"loc":{"start":{"line":47,"column":3},"end":{"line":47,"column":84}},"type":"if","locations":[{"start":{"line":47,"column":3},"end":{"line":47,"column":84}},{"start":{},"end":{}}],"line":47},"2":{"loc":{"start":{"line":48,"column":3},"end":{"line":48,"column":84}},"type":"if","locations":[{"start":{"line":48,"column":3},"end":{"line":48,"column":84}},{"start":{},"end":{}}],"line":48},"3":{"loc":{"start":{"line":49,"column":3},"end":{"line":49,"column":69}},"type":"if","locations":[{"start":{"line":49,"column":3},"end":{"line":49,"column":69}},{"start":{},"end":{}}],"line":49},"4":{"loc":{"start":{"line":50,"column":3},"end":{"line":50,"column":87}},"type":"if","locations":[{"start":{"line":50,"column":3},"end":{"line":50,"column":87}},{"start":{},"end":{}}],"line":50},"5":{"loc":{"start":{"line":58,"column":3},"end":{"line":58,"column":93}},"type":"if","locations":[{"start":{"line":58,"column":3},"end":{"line":58,"column":93}},{"start":{},"end":{}}],"line":58},"6":{"loc":{"start":{"line":61,"column":3},"end":{"line":61,"column":76}},"type":"if","locations":[{"start":{"line":61,"column":3},"end":{"line":61,"column":76}},{"start":{},"end":{}}],"line":61},"7":{"loc":{"start":{"line":65,"column":6},"end":{"line":65,"column":86}},"type":"if","locations":[{"start":{"line":65,"column":6},"end":{"line":65,"column":86}},{"start":{},"end":{}}],"line":65},"8":{"loc":{"start":{"line":82,"column":3},"end":{"line":82,"column":93}},"type":"if","locations":[{"start":{"line":82,"column":3},"end":{"line":82,"column":93}},{"start":{},"end":{}}],"line":82},"9":{"loc":{"start":{"line":88,"column":6},"end":{"line":88,"column":108}},"type":"if","locations":[{"start":{"line":88,"column":6},"end":{"line":88,"column":108}},{"start":{},"end":{}}],"line":88},"10":{"loc":{"start":{"line":92,"column":6},"end":{"line":92,"column":77}},"type":"if","locations":[{"start":{"line":92,"column":6},"end":{"line":92,"column":77}},{"start":{},"end":{}}],"line":92},"11":{"loc":{"start":{"line":109,"column":6},"end":{"line":111,"column":7}},"type":"if","locations":[{"start":{"line":109,"column":6},"end":{"line":111,"column":7}},{"start":{},"end":{}}],"line":109},"12":{"loc":{"start":{"line":109,"column":10},"end":{"line":109,"column":66}},"type":"binary-expr","locations":[{"start":{"line":109,"column":10},"end":{"line":109,"column":15}},{"start":{"line":109,"column":19},"end":{"line":109,"column":66}}],"line":109}},"s":{"0":1,"1":1,"2":1,"3":1,"4":1,"5":1,"6":1,"7":1,"8":0,"9":1,"10":0,"11":0,"12":0,"13":1,"14":5,"15":1,"16":2,"17":2,"18":2,"19":2,"20":2,"21":2,"22":1,"23":1,"24":0,"25":1,"26":0,"27":1,"28":0,"29":1,"30":0,"31":1,"32":1,"33":3,"34":3,"35":1,"36":2,"37":2,"38":1,"39":1,"40":1,"41":1,"42":1,"43":0,"44":0,"45":0,"46":0,"47":0,"48":0,"49":1,"50":2,"51":2,"52":1,"53":1,"54":1,"55":1,"56":1,"57":0,"58":0,"59":0,"60":0,"61":0,"62":0,"63":0,"64":0,"65":1,"66":3,"67":3,"68":3,"69":3,"70":2,"71":1,"72":1,"73":0,"74":1},"f":{"0":0,"1":0,"2":5,"3":2,"4":3,"5":2,"6":3},"b":{"0":[1,1],"1":[0,1],"2":[0,1],"3":[0,1],"4":[0,1],"5":[1,2],"6":[1,1],"7":[1,0],"8":[1,1],"9":[1,0],"10":[0,0],"11":[2,1],"12":[3,2]},"_coverageSchema":"1a1c01bbd47fc00a2c39e90264f33305004495a9","hash":"9e189a7619a4adfa649450a726818a435a7b620a"}
,"C:\\Users\\Eustaquio\\Documents\\C0DE\\Final Project\\SE\\pos-inventory\\api\\controller\\passwordController.js": {"path":"C:\\Users\\Eustaquio\\Documents\\C0DE\\Final Project\\SE\\pos-inventory\\api\\controller\\passwordController.js","statementMap":{"0":{"start":{"line":1,"column":15},"end":{"line":1,"column":32}},"1":{"start":{"line":2,"column":19},"end":{"line":2,"column":40}},"2":{"start":{"line":3,"column":13},"end":{"line":3,"column":37}},"3":{"start":{"line":4,"column":22},"end":{"line":4,"column":55}},"4":{"start":{"line":6,"column":20},"end":{"line":12,"column":2}},"5":{"start":{"line":14,"column":25},"end":{"line":28,"column":1}},"6":{"start":{"line":15,"column":21},"end":{"line":15,"column":22}},"7":{"start":{"line":16,"column":24},"end":{"line":16,"column":46}},"8":{"start":{"line":17,"column":24},"end":{"line":17,"column":46}},"9":{"start":{"line":18,"column":20},"end":{"line":18,"column":39}},"10":{"start":{"line":19,"column":26},"end":{"line":19,"column":65}},"11":{"start":{"line":21,"column":3},"end":{"line":21,"column":101}},"12":{"start":{"line":21,"column":36},"end":{"line":21,"column":101}},"13":{"start":{"line":22,"column":3},"end":{"line":22,"column":84}},"14":{"start":{"line":22,"column":22},"end":{"line":22,"column":84}},"15":{"start":{"line":23,"column":3},"end":{"line":23,"column":84}},"16":{"start":{"line":23,"column":22},"end":{"line":23,"column":84}},"17":{"start":{"line":24,"column":3},"end":{"line":24,"column":69}},"18":{"start":{"line":24,"column":18},"end":{"line":24,"column":69}},"19":{"start":{"line":25,"column":3},"end":{"line":25,"column":87}},"20":{"start":{"line":25,"column":24},"end":{"line":25,"column":87}},"21":{"start":{"line":27,"column":3},"end":{"line":27,"column":15}},"22":{"start":{"line":30,"column":29},"end":{"line":59,"column":1}},"23":{"start":{"line":31,"column":21},"end":{"line":31,"column":29}},"24":{"start":{"line":33,"column":3},"end":{"line":58,"column":4}},"25":{"start":{"line":34,"column":25},"end":{"line":34,"column":53}},"26":{"start":{"line":35,"column":6},"end":{"line":37,"column":7}},"27":{"start":{"line":36,"column":9},"end":{"line":36,"column":67}},"28":{"start":{"line":39,"column":19},"end":{"line":39,"column":73}},"29":{"start":{"line":40,"column":24},"end":{"line":40,"column":43}},"30":{"start":{"line":42,"column":6},"end":{"line":46,"column":8}},"31":{"start":{"line":48,"column":6},"end":{"line":53,"column":9}},"32":{"start":{"line":55,"column":6},"end":{"line":55,"column":68}},"33":{"start":{"line":57,"column":6},"end":{"line":57,"column":54}},"34":{"start":{"line":61,"column":19},"end":{"line":74,"column":1}},"35":{"start":{"line":62,"column":27},"end":{"line":62,"column":35}},"36":{"start":{"line":64,"column":3},"end":{"line":73,"column":4}},"37":{"start":{"line":65,"column":25},"end":{"line":65,"column":69}},"38":{"start":{"line":66,"column":6},"end":{"line":68,"column":7}},"39":{"start":{"line":67,"column":9},"end":{"line":67,"column":81}},"40":{"start":{"line":70,"column":6},"end":{"line":70,"column":63}},"41":{"start":{"line":72,"column":6},"end":{"line":72,"column":54}},"42":{"start":{"line":76,"column":22},"end":{"line":96,"column":1}},"43":{"start":{"line":77,"column":40},"end":{"line":77,"column":48}},"44":{"start":{"line":79,"column":25},"end":{"line":79,"column":54}},"45":{"start":{"line":80,"column":3},"end":{"line":80,"column":76}},"46":{"start":{"line":80,"column":22},"end":{"line":80,"column":76}},"47":{"start":{"line":82,"column":3},"end":{"line":95,"column":4}},"48":{"start":{"line":83,"column":25},"end":{"line":83,"column":69}},"49":{"start":{"line":84,"column":6},"end":{"line":86,"column":7}},"50":{"start":{"line":85,"column":9},"end":{"line":85,"column":81}},"51":{"start":{"line":88,"column":29},"end":{"line":88,"column":59}},"52":{"start":{"line":89,"column":6},"end":{"line":89,"column":68}},"53":{"start":{"line":90,"column":6},"end":{"line":90,"column":53}},"54":{"start":{"line":92,"column":6},"end":{"line":92,"column":71}},"55":{"start":{"line":94,"column":6},"end":{"line":94,"column":54}},"56":{"start":{"line":98,"column":0},"end":{"line":98,"column":69}}},"fnMap":{"0":{"name":"(anonymous_0)","decl":{"start":{"line":14,"column":25},"end":{"line":14,"column":26}},"loc":{"start":{"line":14,"column":39},"end":{"line":28,"column":1}},"line":14},"1":{"name":"(anonymous_1)","decl":{"start":{"line":30,"column":29},"end":{"line":30,"column":30}},"loc":{"start":{"line":30,"column":49},"end":{"line":59,"column":1}},"line":30},"2":{"name":"(anonymous_2)","decl":{"start":{"line":61,"column":19},"end":{"line":61,"column":20}},"loc":{"start":{"line":61,"column":39},"end":{"line":74,"column":1}},"line":61},"3":{"name":"(anonymous_3)","decl":{"start":{"line":76,"column":22},"end":{"line":76,"column":23}},"loc":{"start":{"line":76,"column":42},"end":{"line":96,"column":1}},"line":76}},"branchMap":{"0":{"loc":{"start":{"line":21,"column":3},"end":{"line":21,"column":101}},"type":"if","locations":[{"start":{"line":21,"column":3},"end":{"line":21,"column":101}},{"start":{},"end":{}}],"line":21},"1":{"loc":{"start":{"line":22,"column":3},"end":{"line":22,"column":84}},"type":"if","locations":[{"start":{"line":22,"column":3},"end":{"line":22,"column":84}},{"start":{},"end":{}}],"line":22},"2":{"loc":{"start":{"line":23,"column":3},"end":{"line":23,"column":84}},"type":"if","locations":[{"start":{"line":23,"column":3},"end":{"line":23,"column":84}},{"start":{},"end":{}}],"line":23},"3":{"loc":{"start":{"line":24,"column":3},"end":{"line":24,"column":69}},"type":"if","locations":[{"start":{"line":24,"column":3},"end":{"line":24,"column":69}},{"start":{},"end":{}}],"line":24},"4":{"loc":{"start":{"line":25,"column":3},"end":{"line":25,"column":87}},"type":"if","locations":[{"start":{"line":25,"column":3},"end":{"line":25,"column":87}},{"start":{},"end":{}}],"line":25},"5":{"loc":{"start":{"line":35,"column":6},"end":{"line":37,"column":7}},"type":"if","locations":[{"start":{"line":35,"column":6},"end":{"line":37,"column":7}},{"start":{},"end":{}}],"line":35},"6":{"loc":{"start":{"line":66,"column":6},"end":{"line":68,"column":7}},"type":"if","locations":[{"start":{"line":66,"column":6},"end":{"line":68,"column":7}},{"start":{},"end":{}}],"line":66},"7":{"loc":{"start":{"line":66,"column":10},"end":{"line":66,"column":58}},"type":"binary-expr","locations":[{"start":{"line":66,"column":10},"end":{"line":66,"column":21}},{"start":{"line":66,"column":25},"end":{"line":66,"column":58}}],"line":66},"8":{"loc":{"start":{"line":80,"column":3},"end":{"line":80,"column":76}},"type":"if","locations":[{"start":{"line":80,"column":3},"end":{"line":80,"column":76}},{"start":{},"end":{}}],"line":80},"9":{"loc":{"start":{"line":84,"column":6},"end":{"line":86,"column":7}},"type":"if","locations":[{"start":{"line":84,"column":6},"end":{"line":86,"column":7}},{"start":{},"end":{}}],"line":84},"10":{"loc":{"start":{"line":84,"column":10},"end":{"line":84,"column":58}},"type":"binary-expr","locations":[{"start":{"line":84,"column":10},"end":{"line":84,"column":21}},{"start":{"line":84,"column":25},"end":{"line":84,"column":58}}],"line":84}},"s":{"0":1,"1":1,"2":1,"3":1,"4":1,"5":1,"6":3,"7":3,"8":3,"9":3,"10":3,"11":3,"12":1,"13":2,"14":0,"15":2,"16":0,"17":2,"18":0,"19":2,"20":0,"21":2,"22":1,"23":1,"24":1,"25":1,"26":1,"27":1,"28":0,"29":0,"30":0,"31":0,"32":0,"33":0,"34":1,"35":2,"36":2,"37":2,"38":2,"39":1,"40":1,"41":0,"42":1,"43":3,"44":3,"45":3,"46":1,"47":2,"48":2,"49":2,"50":1,"51":1,"52":1,"53":1,"54":1,"55":0,"56":1},"f":{"0":3,"1":1,"2":2,"3":3},"b":{"0":[1,2],"1":[0,2],"2":[0,2],"3":[0,2],"4":[0,2],"5":[1,0],"6":[1,1],"7":[2,1],"8":[1,2],"9":[1,1],"10":[2,1]},"_coverageSchema":"1a1c01bbd47fc00a2c39e90264f33305004495a9","hash":"ee99b94b051ab5076959fdbd402677bf96c8a0b0"}
,"C:\\Users\\Eustaquio\\Documents\\C0DE\\Final Project\\SE\\pos-inventory\\api\\model\\PasswordReset.js": {"path":"C:\\Users\\Eustaquio\\Documents\\C0DE\\Final Project\\SE\\pos-inventory\\api\\model\\PasswordReset.js","statementMap":{"0":{"start":{"line":1,"column":26},"end":{"line":1,"column":45}},"1":{"start":{"line":3,"column":25},"end":{"line":21,"column":2}},"2":{"start":{"line":23,"column":22},"end":{"line":23,"column":62}},"3":{"start":{"line":24,"column":0},"end":{"line":24,"column":31}}},"fnMap":{},"branchMap":{},"s":{"0":1,"1":1,"2":1,"3":1},"f":{},"b":{},"_coverageSchema":"1a1c01bbd47fc00a2c39e90264f33305004495a9","hash":"d68e6c97fe64b5f8be6f171a68e70937e3992a1b"}
,"C:\\Users\\Eustaquio\\Documents\\C0DE\\Final Project\\SE\\pos-inventory\\api\\model\\User.js": {"path":"C:\\Users\\Eustaquio\\Documents\\C0DE\\Final Project\\SE\\pos-inventory\\api\\model\\User.js","statementMap":{"0":{"start":{"line":1,"column":26},"end":{"line":1,"column":45}},"1":{"start":{"line":3,"column":19},"end":{"line":25,"column":2}},"2":{"start":{"line":27,"column":13},"end":{"line":27,"column":38}},"3":{"start":{"line":28,"column":0},"end":{"line":28,"column":22}}},"fnMap":{},"branchMap":{},"s":{"0":2,"1":2,"2":2,"3":2},"f":{},"b":{},"_coverageSchema":"1a1c01bbd47fc00a2c39e90264f33305004495a9","hash":"5970c83cc275245a3f93fb592c5c0e9e26bf0c4a"}
,"C:\\Users\\Eustaquio\\Documents\\C0DE\\Final Project\\SE\\pos-inventory\\api\\model\\UserLog.js": {"path":"C:\\Users\\Eustaquio\\Documents\\C0DE\\Final Project\\SE\\pos-inventory\\api\\model\\UserLog.js","statementMap":{"0":{"start":{"line":1,"column":17},"end":{"line":1,"column":36}},"1":{"start":{"line":3,"column":22},"end":{"line":9,"column":2}},"2":{"start":{"line":11,"column":0},"end":{"line":11,"column":58}}},"fnMap":{},"branchMap":{},"s":{"0":2,"1":2,"2":2},"f":{},"b":{},"_coverageSchema":"1a1c01bbd47fc00a2c39e90264f33305004495a9","hash":"5d08695228b99d68740f57c6bfb2d796ef89ac8a"}
,"C:\\Users\\Eustaquio\\Documents\\C0DE\\Final Project\\SE\\pos-inventory\\api\\model\\VerificationCode.js": {"path":"C:\\Users\\Eustaquio\\Documents\\C0DE\\Final Project\\SE\\pos-inventory\\api\\model\\VerificationCode.js","statementMap":{"0":{"start":{"line":1,"column":26},"end":{"line":1,"column":45}},"1":{"start":{"line":3,"column":31},"end":{"line":31,"column":2}},"2":{"start":{"line":33,"column":25},"end":{"line":33,"column":74}},"3":{"start":{"line":34,"column":0},"end":{"line":34,"column":34}}},"fnMap":{},"branchMap":{},"s":{"0":1,"1":1,"2":1,"3":1},"f":{},"b":{},"_coverageSchema":"1a1c01bbd47fc00a2c39e90264f33305004495a9","hash":"07ef8846a79a408424205d870d85b3664c323710"}
,"C:\\Users\\Eustaquio\\Documents\\C0DE\\Final Project\\SE\\pos-inventory\\api\\product_categories\\addProduct.js": {"path":"C:\\Users\\Eustaquio\\Documents\\C0DE\\Final Project\\SE\\pos-inventory\\api\\product_categories\\addProduct.js","statementMap":{"0":{"start":{"line":11,"column":4},"end":{"line":11,"column":42}},"1":{"start":{"line":12,"column":16},"end":{"line":12,"column":43}},"2":{"start":{"line":14,"column":19},"end":{"line":47,"column":1}},"3":{"start":{"line":15,"column":4},"end":{"line":46,"column":5}},"4":{"start":{"line":16,"column":67},"end":{"line":16,"column":75}},"5":{"start":{"line":19,"column":8},"end":{"line":31,"column":9}},"6":{"start":{"line":20,"column":28},"end":{"line":20,"column":44}},"7":{"start":{"line":20,"column":45},"end":{"line":20,"column":51}},"8":{"start":{"line":21,"column":28},"end":{"line":21,"column":44}},"9":{"start":{"line":21,"column":45},"end":{"line":21,"column":51}},"10":{"start":{"line":22,"column":26},"end":{"line":22,"column":40}},"11":{"start":{"line":22,"column":41},"end":{"line":22,"column":47}},"12":{"start":{"line":23,"column":28},"end":{"line":23,"column":43}},"13":{"start":{"line":23,"column":44},"end":{"line":23,"column":50}},"14":{"start":{"line":24,"column":32},"end":{"line":24,"column":52}},"15":{"start":{"line":24,"column":53},"end":{"line":24,"column":59}},"16":{"start":{"line":25,"column":36},"end":{"line":25,"column":58}},"17":{"start":{"line":25,"column":59},"end":{"line":25,"column":65}},"18":{"start":{"line":26,"column":30},"end":{"line":26,"column":48}},"19":{"start":{"line":26,"column":49},"end":{"line":26,"column":55}},"20":{"start":{"line":27,"column":28},"end":{"line":27,"column":44}},"21":{"start":{"line":27,"column":45},"end":{"line":27,"column":51}},"22":{"start":{"line":28,"column":27},"end":{"line":28,"column":42}},"23":{"start":{"line":28,"column":43},"end":{"line":28,"column":49}},"24":{"start":{"line":30,"column":16},"end":{"line":30,"column":75}},"25":{"start":{"line":33,"column":27},"end":{"line":33,"column":88}},"26":{"start":{"line":34,"column":8},"end":{"line":34,"column":32}},"27":{"start":{"line":37,"column":8},"end":{"line":41,"column":11}},"28":{"start":{"line":43,"column":8},"end":{"line":43,"column":41}},"29":{"start":{"line":45,"column":8},"end":{"line":45,"column":53}},"30":{"start":{"line":49,"column":0},"end":{"line":49,"column":32}}},"fnMap":{"0":{"name":"(anonymous_0)","decl":{"start":{"line":14,"column":19},"end":{"line":14,"column":20}},"loc":{"start":{"line":14,"column":39},"end":{"line":47,"column":1}},"line":14}},"branchMap":{"0":{"loc":{"start":{"line":19,"column":8},"end":{"line":31,"column":9}},"type":"switch","locations":[{"start":{"line":20,"column":12},"end":{"line":20,"column":51}},{"start":{"line":21,"column":12},"end":{"line":21,"column":51}},{"start":{"line":22,"column":12},"end":{"line":22,"column":47}},{"start":{"line":23,"column":12},"end":{"line":23,"column":50}},{"start":{"line":24,"column":12},"end":{"line":24,"column":59}},{"start":{"line":25,"column":12},"end":{"line":25,"column":65}},{"start":{"line":26,"column":12},"end":{"line":26,"column":55}},{"start":{"line":27,"column":12},"end":{"line":27,"column":51}},{"start":{"line":28,"column":12},"end":{"line":28,"column":49}},{"start":{"line":29,"column":12},"end":{"line":30,"column":75}}],"line":19},"1":{"loc":{"start":{"line":38,"column":18},"end":{"line":38,"column":57}},"type":"cond-expr","locations":[{"start":{"line":38,"column":29},"end":{"line":38,"column":46}},{"start":{"line":38,"column":49},"end":{"line":38,"column":57}}],"line":38}},"s":{"0":1,"1":1,"2":1,"3":4,"4":4,"5":4,"6":3,"7":3,"8":0,"9":0,"10":0,"11":0,"12":0,"13":0,"14":0,"15":0,"16":0,"17":0,"18":0,"19":0,"20":0,"21":0,"22":0,"23":0,"24":1,"25":3,"26":3,"27":2,"28":2,"29":1,"30":1},"f":{"0":4},"b":{"0":[3,0,0,0,0,0,0,0,0,1],"1":[1,1]},"_coverageSchema":"1a1c01bbd47fc00a2c39e90264f33305004495a9","hash":"1478095a8c0b9a8dea86c678923da3f46b461bc2"}
,"C:\\Users\\Eustaquio\\Documents\\C0DE\\Final Project\\SE\\pos-inventory\\api\\product_categories\\checkout.js": {"path":"C:\\Users\\Eustaquio\\Documents\\C0DE\\Final Project\\SE\\pos-inventory\\api\\product_categories\\checkout.js","statementMap":{"0":{"start":{"line":1,"column":13},"end":{"line":1,"column":47}},"1":{"start":{"line":12,"column":4},"end":{"line":12,"column":42}},"2":{"start":{"line":14,"column":17},"end":{"line":61,"column":1}},"3":{"start":{"line":15,"column":3},"end":{"line":60,"column":4}},"4":{"start":{"line":16,"column":56},"end":{"line":16,"column":64}},"5":{"start":{"line":19,"column":22},"end":{"line":32,"column":8}},"6":{"start":{"line":22,"column":34},"end":{"line":28,"column":10}},"7":{"start":{"line":34,"column":6},"end":{"line":34,"column":27}},"8":{"start":{"line":37,"column":6},"end":{"line":54,"column":7}},"9":{"start":{"line":39,"column":9},"end":{"line":51,"column":10}},"10":{"start":{"line":40,"column":28},"end":{"line":40,"column":44}},"11":{"start":{"line":40,"column":45},"end":{"line":40,"column":51}},"12":{"start":{"line":41,"column":28},"end":{"line":41,"column":44}},"13":{"start":{"line":41,"column":45},"end":{"line":41,"column":51}},"14":{"start":{"line":42,"column":26},"end":{"line":42,"column":40}},"15":{"start":{"line":42,"column":41},"end":{"line":42,"column":47}},"16":{"start":{"line":43,"column":28},"end":{"line":43,"column":43}},"17":{"start":{"line":43,"column":44},"end":{"line":43,"column":50}},"18":{"start":{"line":44,"column":32},"end":{"line":44,"column":52}},"19":{"start":{"line":44,"column":53},"end":{"line":44,"column":59}},"20":{"start":{"line":45,"column":36},"end":{"line":45,"column":58}},"21":{"start":{"line":45,"column":59},"end":{"line":45,"column":65}},"22":{"start":{"line":46,"column":30},"end":{"line":46,"column":48}},"23":{"start":{"line":46,"column":49},"end":{"line":46,"column":55}},"24":{"start":{"line":47,"column":28},"end":{"line":47,"column":44}},"25":{"start":{"line":47,"column":45},"end":{"line":47,"column":51}},"26":{"start":{"line":48,"column":27},"end":{"line":48,"column":42}},"27":{"start":{"line":48,"column":43},"end":{"line":48,"column":49}},"28":{"start":{"line":50,"column":15},"end":{"line":50,"column":74}},"29":{"start":{"line":53,"column":9},"end":{"line":53,"column":89}},"30":{"start":{"line":56,"column":6},"end":{"line":56,"column":84}},"31":{"start":{"line":58,"column":6},"end":{"line":58,"column":53}},"32":{"start":{"line":59,"column":6},"end":{"line":59,"column":87}},"33":{"start":{"line":63,"column":0},"end":{"line":63,"column":30}}},"fnMap":{"0":{"name":"(anonymous_0)","decl":{"start":{"line":14,"column":17},"end":{"line":14,"column":18}},"loc":{"start":{"line":14,"column":37},"end":{"line":61,"column":1}},"line":14},"1":{"name":"(anonymous_1)","decl":{"start":{"line":22,"column":25},"end":{"line":22,"column":26}},"loc":{"start":{"line":22,"column":34},"end":{"line":28,"column":10}},"line":22}},"branchMap":{"0":{"loc":{"start":{"line":39,"column":9},"end":{"line":51,"column":10}},"type":"switch","locations":[{"start":{"line":40,"column":12},"end":{"line":40,"column":51}},{"start":{"line":41,"column":12},"end":{"line":41,"column":51}},{"start":{"line":42,"column":12},"end":{"line":42,"column":47}},{"start":{"line":43,"column":12},"end":{"line":43,"column":50}},{"start":{"line":44,"column":12},"end":{"line":44,"column":59}},{"start":{"line":45,"column":12},"end":{"line":45,"column":65}},{"start":{"line":46,"column":12},"end":{"line":46,"column":55}},{"start":{"line":47,"column":12},"end":{"line":47,"column":51}},{"start":{"line":48,"column":12},"end":{"line":48,"column":49}},{"start":{"line":49,"column":12},"end":{"line":50,"column":74}}],"line":39}},"s":{"0":1,"1":1,"2":1,"3":3,"4":3,"5":3,"6":6,"7":3,"8":2,"9":2,"10":1,"11":1,"12":0,"13":0,"14":0,"15":0,"16":0,"17":0,"18":0,"19":0,"20":0,"21":0,"22":0,"23":0,"24":0,"25":0,"26":0,"27":0,"28":1,"29":1,"30":0,"31":2,"32":2,"33":1},"f":{"0":3,"1":6},"b":{"0":[1,0,0,0,0,0,0,0,0,1]},"_coverageSchema":"1a1c01bbd47fc00a2c39e90264f33305004495a9","hash":"d22b255e756b526608f9adc6c6f13ff3edfabfcc"}
,"C:\\Users\\Eustaquio\\Documents\\C0DE\\Final Project\\SE\\pos-inventory\\api\\product_categories\\returnStock.js": {"path":"C:\\Users\\Eustaquio\\Documents\\C0DE\\Final Project\\SE\\pos-inventory\\api\\product_categories\\returnStock.js","statementMap":{"0":{"start":{"line":1,"column":13},"end":{"line":1,"column":47}},"1":{"start":{"line":2,"column":31},"end":{"line":2,"column":60}},"2":{"start":{"line":13,"column":4},"end":{"line":13,"column":42}},"3":{"start":{"line":15,"column":20},"end":{"line":57,"column":1}},"4":{"start":{"line":16,"column":3},"end":{"line":56,"column":4}},"5":{"start":{"line":17,"column":21},"end":{"line":17,"column":31}},"6":{"start":{"line":18,"column":19},"end":{"line":18,"column":42}},"7":{"start":{"line":19,"column":6},"end":{"line":21,"column":7}},"8":{"start":{"line":20,"column":9},"end":{"line":20,"column":68}},"9":{"start":{"line":22,"column":6},"end":{"line":24,"column":7}},"10":{"start":{"line":23,"column":9},"end":{"line":23,"column":87}},"11":{"start":{"line":25,"column":6},"end":{"line":27,"column":7}},"12":{"start":{"line":26,"column":9},"end":{"line":26,"column":85}},"13":{"start":{"line":30,"column":6},"end":{"line":46,"column":7}},"14":{"start":{"line":32,"column":9},"end":{"line":44,"column":10}},"15":{"start":{"line":33,"column":28},"end":{"line":33,"column":44}},"16":{"start":{"line":33,"column":45},"end":{"line":33,"column":51}},"17":{"start":{"line":34,"column":28},"end":{"line":34,"column":44}},"18":{"start":{"line":34,"column":45},"end":{"line":34,"column":51}},"19":{"start":{"line":35,"column":26},"end":{"line":35,"column":40}},"20":{"start":{"line":35,"column":41},"end":{"line":35,"column":47}},"21":{"start":{"line":36,"column":28},"end":{"line":36,"column":43}},"22":{"start":{"line":36,"column":44},"end":{"line":36,"column":50}},"23":{"start":{"line":37,"column":32},"end":{"line":37,"column":52}},"24":{"start":{"line":37,"column":53},"end":{"line":37,"column":59}},"25":{"start":{"line":38,"column":36},"end":{"line":38,"column":58}},"26":{"start":{"line":38,"column":59},"end":{"line":38,"column":65}},"27":{"start":{"line":39,"column":30},"end":{"line":39,"column":48}},"28":{"start":{"line":39,"column":49},"end":{"line":39,"column":55}},"29":{"start":{"line":40,"column":28},"end":{"line":40,"column":44}},"30":{"start":{"line":40,"column":45},"end":{"line":40,"column":51}},"31":{"start":{"line":41,"column":27},"end":{"line":41,"column":42}},"32":{"start":{"line":41,"column":43},"end":{"line":41,"column":49}},"33":{"start":{"line":43,"column":15},"end":{"line":43,"column":74}},"34":{"start":{"line":45,"column":9},"end":{"line":45,"column":94}},"35":{"start":{"line":49,"column":6},"end":{"line":49,"column":38}},"36":{"start":{"line":50,"column":6},"end":{"line":50,"column":24}},"37":{"start":{"line":52,"column":27},"end":{"line":52,"column":53}},"38":{"start":{"line":53,"column":6},"end":{"line":53,"column":64}},"39":{"start":{"line":55,"column":6},"end":{"line":55,"column":87}},"40":{"start":{"line":59,"column":0},"end":{"line":59,"column":33}}},"fnMap":{"0":{"name":"(anonymous_0)","decl":{"start":{"line":15,"column":20},"end":{"line":15,"column":21}},"loc":{"start":{"line":15,"column":40},"end":{"line":57,"column":1}},"line":15}},"branchMap":{"0":{"loc":{"start":{"line":19,"column":6},"end":{"line":21,"column":7}},"type":"if","locations":[{"start":{"line":19,"column":6},"end":{"line":21,"column":7}},{"start":{},"end":{}}],"line":19},"1":{"loc":{"start":{"line":22,"column":6},"end":{"line":24,"column":7}},"type":"if","locations":[{"start":{"line":22,"column":6},"end":{"line":24,"column":7}},{"start":{},"end":{}}],"line":22},"2":{"loc":{"start":{"line":25,"column":6},"end":{"line":27,"column":7}},"type":"if","locations":[{"start":{"line":25,"column":6},"end":{"line":27,"column":7}},{"start":{},"end":{}}],"line":25},"3":{"loc":{"start":{"line":32,"column":9},"end":{"line":44,"column":10}},"type":"switch","locations":[{"start":{"line":33,"column":12},"end":{"line":33,"column":51}},{"start":{"line":34,"column":12},"end":{"line":34,"column":51}},{"start":{"line":35,"column":12},"end":{"line":35,"column":47}},{"start":{"line":36,"column":12},"end":{"line":36,"column":50}},{"start":{"line":37,"column":12},"end":{"line":37,"column":59}},{"start":{"line":38,"column":12},"end":{"line":38,"column":65}},{"start":{"line":39,"column":12},"end":{"line":39,"column":55}},{"start":{"line":40,"column":12},"end":{"line":40,"column":51}},{"start":{"line":41,"column":12},"end":{"line":41,"column":49}},{"start":{"line":42,"column":12},"end":{"line":43,"column":74}}],"line":32}},"s":{"0":1,"1":1,"2":1,"3":1,"4":6,"5":6,"6":6,"7":5,"8":1,"9":4,"10":1,"11":3,"12":1,"13":2,"14":3,"15":1,"16":1,"17":1,"18":1,"19":0,"20":0,"21":0,"22":0,"23":0,"24":0,"25":0,"26":0,"27":0,"28":0,"29":0,"30":0,"31":0,"32":0,"33":1,"34":2,"35":1,"36":1,"37":1,"38":1,"39":1,"40":1},"f":{"0":6},"b":{"0":[1,4],"1":[1,3],"2":[1,2],"3":[1,1,0,0,0,0,0,0,0,1]},"_coverageSchema":"1a1c01bbd47fc00a2c39e90264f33305004495a9","hash":"e4887a6eb8ee20189b4a320c7ebebafbd12a323b"}
,"C:\\Users\\Eustaquio\\Documents\\C0DE\\Final Project\\SE\\pos-inventory\\api\\product_categories\\updateProduct.js": {"path":"C:\\Users\\Eustaquio\\Documents\\C0DE\\Final Project\\SE\\pos-inventory\\api\\product_categories\\updateProduct.js","statementMap":{"0":{"start":{"line":11,"column":4},"end":{"line":11,"column":42}},"1":{"start":{"line":12,"column":16},"end":{"line":12,"column":43}},"2":{"start":{"line":14,"column":22},"end":{"line":71,"column":1}},"3":{"start":{"line":15,"column":3},"end":{"line":70,"column":4}},"4":{"start":{"line":16,"column":81},"end":{"line":16,"column":89}},"5":{"start":{"line":19,"column":6},"end":{"line":31,"column":7}},"6":{"start":{"line":20,"column":25},"end":{"line":20,"column":41}},"7":{"start":{"line":20,"column":42},"end":{"line":20,"column":48}},"8":{"start":{"line":21,"column":25},"end":{"line":21,"column":41}},"9":{"start":{"line":21,"column":42},"end":{"line":21,"column":48}},"10":{"start":{"line":22,"column":23},"end":{"line":22,"column":37}},"11":{"start":{"line":22,"column":38},"end":{"line":22,"column":44}},"12":{"start":{"line":23,"column":25},"end":{"line":23,"column":40}},"13":{"start":{"line":23,"column":41},"end":{"line":23,"column":47}},"14":{"start":{"line":24,"column":29},"end":{"line":24,"column":49}},"15":{"start":{"line":24,"column":50},"end":{"line":24,"column":56}},"16":{"start":{"line":25,"column":33},"end":{"line":25,"column":55}},"17":{"start":{"line":25,"column":56},"end":{"line":25,"column":62}},"18":{"start":{"line":26,"column":27},"end":{"line":26,"column":45}},"19":{"start":{"line":26,"column":46},"end":{"line":26,"column":52}},"20":{"start":{"line":27,"column":25},"end":{"line":27,"column":41}},"21":{"start":{"line":27,"column":42},"end":{"line":27,"column":48}},"22":{"start":{"line":28,"column":24},"end":{"line":28,"column":39}},"23":{"start":{"line":28,"column":40},"end":{"line":28,"column":46}},"24":{"start":{"line":30,"column":12},"end":{"line":30,"column":71}},"25":{"start":{"line":33,"column":22},"end":{"line":33,"column":74}},"26":{"start":{"line":34,"column":6},"end":{"line":36,"column":7}},"27":{"start":{"line":35,"column":9},"end":{"line":35,"column":69}},"28":{"start":{"line":38,"column":26},"end":{"line":38,"column":28}},"29":{"start":{"line":39,"column":6},"end":{"line":42,"column":7}},"30":{"start":{"line":40,"column":9},"end":{"line":40,"column":71}},"31":{"start":{"line":41,"column":9},"end":{"line":41,"column":32}},"32":{"start":{"line":43,"column":6},"end":{"line":46,"column":7}},"33":{"start":{"line":44,"column":9},"end":{"line":44,"column":80}},"34":{"start":{"line":45,"column":9},"end":{"line":45,"column":37}},"35":{"start":{"line":47,"column":6},"end":{"line":50,"column":7}},"36":{"start":{"line":48,"column":9},"end":{"line":48,"column":71}},"37":{"start":{"line":49,"column":9},"end":{"line":49,"column":31}},"38":{"start":{"line":51,"column":6},"end":{"line":54,"column":7}},"39":{"start":{"line":52,"column":9},"end":{"line":52,"column":96}},"40":{"start":{"line":53,"column":9},"end":{"line":53,"column":47}},"41":{"start":{"line":56,"column":6},"end":{"line":56,"column":27}},"42":{"start":{"line":59,"column":6},"end":{"line":65,"column":7}},"43":{"start":{"line":60,"column":9},"end":{"line":64,"column":12}},"44":{"start":{"line":67,"column":6},"end":{"line":67,"column":36}},"45":{"start":{"line":69,"column":6},"end":{"line":69,"column":51}},"46":{"start":{"line":73,"column":0},"end":{"line":73,"column":35}}},"fnMap":{"0":{"name":"(anonymous_0)","decl":{"start":{"line":14,"column":22},"end":{"line":14,"column":23}},"loc":{"start":{"line":14,"column":42},"end":{"line":71,"column":1}},"line":14}},"branchMap":{"0":{"loc":{"start":{"line":19,"column":6},"end":{"line":31,"column":7}},"type":"switch","locations":[{"start":{"line":20,"column":9},"end":{"line":20,"column":48}},{"start":{"line":21,"column":9},"end":{"line":21,"column":48}},{"start":{"line":22,"column":9},"end":{"line":22,"column":44}},{"start":{"line":23,"column":9},"end":{"line":23,"column":47}},{"start":{"line":24,"column":9},"end":{"line":24,"column":56}},{"start":{"line":25,"column":9},"end":{"line":25,"column":62}},{"start":{"line":26,"column":9},"end":{"line":26,"column":52}},{"start":{"line":27,"column":9},"end":{"line":27,"column":48}},{"start":{"line":28,"column":9},"end":{"line":28,"column":46}},{"start":{"line":29,"column":9},"end":{"line":30,"column":71}}],"line":19},"1":{"loc":{"start":{"line":34,"column":6},"end":{"line":36,"column":7}},"type":"if","locations":[{"start":{"line":34,"column":6},"end":{"line":36,"column":7}},{"start":{},"end":{}}],"line":34},"2":{"loc":{"start":{"line":39,"column":6},"end":{"line":42,"column":7}},"type":"if","locations":[{"start":{"line":39,"column":6},"end":{"line":42,"column":7}},{"start":{},"end":{}}],"line":39},"3":{"loc":{"start":{"line":39,"column":10},"end":{"line":39,"column":59}},"type":"binary-expr","locations":[{"start":{"line":39,"column":10},"end":{"line":39,"column":31}},{"start":{"line":39,"column":35},"end":{"line":39,"column":59}}],"line":39},"4":{"loc":{"start":{"line":43,"column":6},"end":{"line":46,"column":7}},"type":"if","locations":[{"start":{"line":43,"column":6},"end":{"line":46,"column":7}},{"start":{},"end":{}}],"line":43},"5":{"loc":{"start":{"line":43,"column":10},"end":{"line":43,"column":65}},"type":"binary-expr","locations":[{"start":{"line":43,"column":10},"end":{"line":43,"column":32}},{"start":{"line":43,"column":36},"end":{"line":43,"column":65}}],"line":43},"6":{"loc":{"start":{"line":47,"column":6},"end":{"line":50,"column":7}},"type":"if","locations":[{"start":{"line":47,"column":6},"end":{"line":50,"column":7}},{"start":{},"end":{}}],"line":47},"7":{"loc":{"start":{"line":47,"column":10},"end":{"line":47,"column":56}},"type":"binary-expr","locations":[{"start":{"line":47,"column":10},"end":{"line":47,"column":29}},{"start":{"line":47,"column":33},"end":{"line":47,"column":56}}],"line":47},"8":{"loc":{"start":{"line":51,"column":6},"end":{"line":54,"column":7}},"type":"if","locations":[{"start":{"line":51,"column":6},"end":{"line":54,"column":7}},{"start":{},"end":{}}],"line":51},"9":{"loc":{"start":{"line":51,"column":10},"end":{"line":51,"column":80}},"type":"binary-expr","locations":[{"start":{"line":51,"column":10},"end":{"line":51,"column":37}},{"start":{"line":51,"column":41},"end":{"line":51,"column":80}}],"line":51},"10":{"loc":{"start":{"line":59,"column":6},"end":{"line":65,"column":7}},"type":"if","locations":[{"start":{"line":59,"column":6},"end":{"line":65,"column":7}},{"start":{},"end":{}}],"line":59},"11":{"loc":{"start":{"line":61,"column":18},"end":{"line":61,"column":57}},"type":"cond-expr","locations":[{"start":{"line":61,"column":29},"end":{"line":61,"column":46}},{"start":{"line":61,"column":49},"end":{"line":61,"column":57}}],"line":61}},"s":{"0":1,"1":1,"2":1,"3":4,"4":4,"5":4,"6":3,"7":3,"8":0,"9":0,"10":0,"11":0,"12":0,"13":0,"14":0,"15":0,"16":0,"17":0,"18":0,"19":0,"20":0,"21":0,"22":0,"23":0,"24":1,"25":3,"26":2,"27":1,"28":1,"29":1,"30":1,"31":1,"32":1,"33":1,"34":1,"35":1,"36":1,"37":1,"38":1,"39":1,"40":1,"41":1,"42":1,"43":1,"44":1,"45":1,"46":1},"f":{"0":4},"b":{"0":[3,0,0,0,0,0,0,0,0,1],"1":[1,1],"2":[1,0],"3":[1,1],"4":[1,0],"5":[1,1],"6":[1,0],"7":[1,1],"8":[1,0],"9":[1,1],"10":[1,0],"11":[1,0]},"_coverageSchema":"1a1c01bbd47fc00a2c39e90264f33305004495a9","hash":"6c365307a734d0f93230ae1dbc63fef1f9751978"}
,"C:\\Users\\Eustaquio\\Documents\\C0DE\\Final Project\\SE\\pos-inventory\\api\\product_categories\\updateSaleStatus.js": {"path":"C:\\Users\\Eustaquio\\Documents\\C0DE\\Final Project\\SE\\pos-inventory\\api\\product_categories\\updateSaleStatus.js","statementMap":{"0":{"start":{"line":1,"column":13},"end":{"line":1,"column":47}},"1":{"start":{"line":3,"column":27},"end":{"line":29,"column":1}},"2":{"start":{"line":4,"column":17},"end":{"line":4,"column":27}},"3":{"start":{"line":5,"column":3},"end":{"line":5,"column":30}},"4":{"start":{"line":6,"column":22},"end":{"line":6,"column":73}},"5":{"start":{"line":7,"column":23},"end":{"line":7,"column":75}},"6":{"start":{"line":9,"column":57},"end":{"line":22,"column":5}},"7":{"start":{"line":24,"column":3},"end":{"line":28,"column":5}},"8":{"start":{"line":31,"column":25},"end":{"line":49,"column":1}},"9":{"start":{"line":32,"column":3},"end":{"line":48,"column":4}},"10":{"start":{"line":33,"column":21},"end":{"line":33,"column":31}},"11":{"start":{"line":34,"column":25},"end":{"line":34,"column":33}},"12":{"start":{"line":36,"column":26},"end":{"line":36,"column":85}},"13":{"start":{"line":38,"column":6},"end":{"line":40,"column":7}},"14":{"start":{"line":39,"column":9},"end":{"line":39,"column":68}},"15":{"start":{"line":42,"column":27},"end":{"line":42,"column":53}},"16":{"start":{"line":44,"column":6},"end":{"line":44,"column":58}},"17":{"start":{"line":46,"column":6},"end":{"line":46,"column":58}},"18":{"start":{"line":47,"column":6},"end":{"line":47,"column":92}},"19":{"start":{"line":51,"column":0},"end":{"line":51,"column":58}}},"fnMap":{"0":{"name":"(anonymous_0)","decl":{"start":{"line":3,"column":27},"end":{"line":3,"column":28}},"loc":{"start":{"line":3,"column":39},"end":{"line":29,"column":1}},"line":3},"1":{"name":"(anonymous_1)","decl":{"start":{"line":31,"column":25},"end":{"line":31,"column":26}},"loc":{"start":{"line":31,"column":45},"end":{"line":49,"column":1}},"line":31}},"branchMap":{"0":{"loc":{"start":{"line":25,"column":20},"end":{"line":25,"column":47}},"type":"binary-expr","locations":[{"start":{"line":25,"column":20},"end":{"line":25,"column":42}},{"start":{"line":25,"column":46},"end":{"line":25,"column":47}}],"line":25},"1":{"loc":{"start":{"line":26,"column":21},"end":{"line":26,"column":49}},"type":"binary-expr","locations":[{"start":{"line":26,"column":21},"end":{"line":26,"column":44}},{"start":{"line":26,"column":48},"end":{"line":26,"column":49}}],"line":26},"2":{"loc":{"start":{"line":27,"column":22},"end":{"line":27,"column":51}},"type":"binary-expr","locations":[{"start":{"line":27,"column":22},"end":{"line":27,"column":46}},{"start":{"line":27,"column":50},"end":{"line":27,"column":51}}],"line":27},"3":{"loc":{"start":{"line":38,"column":6},"end":{"line":40,"column":7}},"type":"if","locations":[{"start":{"line":38,"column":6},"end":{"line":40,"column":7}},{"start":{},"end":{}}],"line":38}},"s":{"0":1,"1":1,"2":0,"3":0,"4":0,"5":0,"6":0,"7":0,"8":1,"9":0,"10":0,"11":0,"12":0,"13":0,"14":0,"15":0,"16":0,"17":0,"18":0,"19":1},"f":{"0":0,"1":0},"b":{"0":[0,0],"1":[0,0],"2":[0,0],"3":[0,0]},"_coverageSchema":"1a1c01bbd47fc00a2c39e90264f33305004495a9","hash":"a33cf623be4ae373eb4cf532d9ef407f0cc21e50"}
}
