TN:
SF:category_models\category.js
FN:26,(anonymous_0)
FNF:1
FNH:1
FNDA:36,(anonymous_0)
DA:1,4
DA:3,4
DA:26,4
DA:27,36
DA:31,36
DA:35,4
DA:36,4
DA:39,4
DA:40,4
DA:43,4
DA:44,4
DA:47,4
DA:48,4
DA:51,4
DA:52,4
DA:55,4
DA:56,4
DA:59,4
DA:60,4
DA:63,4
DA:64,4
DA:67,4
DA:68,4
DA:70,4
LF:24
LH:24
BRDA:26,0,0,32
BRF:1
BRH:1
end_of_record
TN:
SF:category_models\sale.js
FNF:0
FNH:0
DA:1,2
DA:3,2
DA:26,2
DA:64,2
DA:66,2
LF:5
LH:5
BRF:0
BRH:0
end_of_record
TN:
SF:controller\authController.js
FN:20,(anonymous_0)
FN:23,(anonymous_1)
FN:36,(anonymous_2)
FN:39,(anonymous_3)
FN:55,(anonymous_4)
FN:79,(anonymous_5)
FN:104,(anonymous_6)
FNF:7
FNH:5
FNDA:0,(anonymous_0)
FNDA:0,(anonymous_1)
FNDA:5,(anonymous_2)
FNDA:2,(anonymous_3)
FNDA:3,(anonymous_4)
FNDA:2,(anonymous_5)
FNDA:3,(anonymous_6)
DA:1,1
DA:2,1
DA:3,1
DA:4,1
DA:5,1
DA:7,1
DA:15,1
DA:20,1
DA:21,0
DA:23,1
DA:24,0
DA:25,0
DA:32,0
DA:36,1
DA:37,5
DA:39,1
DA:40,2
DA:41,2
DA:42,2
DA:43,2
DA:44,2
DA:46,2
DA:47,1
DA:48,1
DA:49,1
DA:50,1
DA:52,1
DA:55,1
DA:56,3
DA:58,3
DA:60,2
DA:61,2
DA:63,1
DA:64,1
DA:65,1
DA:67,0
DA:68,0
DA:70,0
DA:71,0
DA:73,0
DA:75,0
DA:79,1
DA:80,2
DA:82,2
DA:84,1
DA:86,1
DA:88,1
DA:90,0
DA:91,0
DA:92,0
DA:95,0
DA:96,0
DA:98,0
DA:100,0
DA:104,1
DA:105,3
DA:107,3
DA:108,3
DA:109,3
DA:110,2
DA:113,1
DA:124,1
DA:126,0
DA:130,1
LF:64
LH:46
BRDA:46,0,0,1
BRDA:46,0,1,1
BRDA:47,1,0,0
BRDA:47,1,1,1
BRDA:48,2,0,0
BRDA:48,2,1,1
BRDA:49,3,0,0
BRDA:49,3,1,1
BRDA:50,4,0,0
BRDA:50,4,1,1
BRDA:58,5,0,1
BRDA:58,5,1,2
BRDA:61,6,0,1
BRDA:61,6,1,1
BRDA:65,7,0,1
BRDA:65,7,1,0
BRDA:82,8,0,1
BRDA:82,8,1,1
BRDA:88,9,0,1
BRDA:88,9,1,0
BRDA:92,10,0,0
BRDA:92,10,1,0
BRDA:109,11,0,2
BRDA:109,11,1,1
BRDA:109,12,0,3
BRDA:109,12,1,2
BRF:26
BRH:18
end_of_record
TN:
SF:controller\passwordController.js
FN:14,(anonymous_0)
FN:30,(anonymous_1)
FN:61,(anonymous_2)
FN:76,(anonymous_3)
FNF:4
FNH:4
FNDA:3,(anonymous_0)
FNDA:1,(anonymous_1)
FNDA:2,(anonymous_2)
FNDA:3,(anonymous_3)
DA:1,1
DA:2,1
DA:3,1
DA:4,1
DA:6,1
DA:14,1
DA:15,3
DA:16,3
DA:17,3
DA:18,3
DA:19,3
DA:21,3
DA:22,2
DA:23,2
DA:24,2
DA:25,2
DA:27,2
DA:30,1
DA:31,1
DA:33,1
DA:34,1
DA:35,1
DA:36,1
DA:39,0
DA:40,0
DA:42,0
DA:48,0
DA:55,0
DA:57,0
DA:61,1
DA:62,2
DA:64,2
DA:65,2
DA:66,2
DA:67,1
DA:70,1
DA:72,0
DA:76,1
DA:77,3
DA:79,3
DA:80,3
DA:82,2
DA:83,2
DA:84,2
DA:85,1
DA:88,1
DA:89,1
DA:90,1
DA:92,1
DA:94,0
DA:98,1
LF:51
LH:43
BRDA:21,0,0,1
BRDA:21,0,1,2
BRDA:22,1,0,0
BRDA:22,1,1,2
BRDA:23,2,0,0
BRDA:23,2,1,2
BRDA:24,3,0,0
BRDA:24,3,1,2
BRDA:25,4,0,0
BRDA:25,4,1,2
BRDA:35,5,0,1
BRDA:35,5,1,0
BRDA:66,6,0,1
BRDA:66,6,1,1
BRDA:66,7,0,2
BRDA:66,7,1,1
BRDA:80,8,0,1
BRDA:80,8,1,2
BRDA:84,9,0,1
BRDA:84,9,1,1
BRDA:84,10,0,2
BRDA:84,10,1,1
BRF:22
BRH:17
end_of_record
TN:
SF:model\PasswordReset.js
FNF:0
FNH:0
DA:1,1
DA:3,1
DA:23,1
DA:24,1
LF:4
LH:4
BRF:0
BRH:0
end_of_record
TN:
SF:model\User.js
FNF:0
FNH:0
DA:1,2
DA:3,2
DA:27,2
DA:28,2
LF:4
LH:4
BRF:0
BRH:0
end_of_record
TN:
SF:model\UserLog.js
FNF:0
FNH:0
DA:1,2
DA:3,2
DA:11,2
LF:3
LH:3
BRF:0
BRH:0
end_of_record
TN:
SF:model\VerificationCode.js
FNF:0
FNH:0
DA:1,1
DA:3,1
DA:33,1
DA:34,1
LF:4
LH:4
BRF:0
BRH:0
end_of_record
TN:
SF:product_categories\addProduct.js
FN:14,(anonymous_0)
FNF:1
FNH:1
FNDA:4,(anonymous_0)
DA:11,1
DA:12,1
DA:14,1
DA:15,4
DA:16,4
DA:19,4
DA:20,3
DA:21,0
DA:22,0
DA:23,0
DA:24,0
DA:25,0
DA:26,0
DA:27,0
DA:28,0
DA:30,1
DA:33,3
DA:34,3
DA:37,2
DA:43,2
DA:45,1
DA:49,1
LF:22
LH:14
BRDA:19,0,0,3
BRDA:19,0,1,0
BRDA:19,0,2,0
BRDA:19,0,3,0
BRDA:19,0,4,0
BRDA:19,0,5,0
BRDA:19,0,6,0
BRDA:19,0,7,0
BRDA:19,0,8,0
BRDA:19,0,9,1
BRDA:38,1,0,1
BRDA:38,1,1,1
BRF:12
BRH:4
end_of_record
TN:
SF:product_categories\checkout.js
FN:14,(anonymous_0)
FN:22,(anonymous_1)
FNF:2
FNH:2
FNDA:3,(anonymous_0)
FNDA:6,(anonymous_1)
DA:1,1
DA:12,1
DA:14,1
DA:15,3
DA:16,3
DA:19,3
DA:22,6
DA:34,3
DA:37,2
DA:39,2
DA:40,1
DA:41,0
DA:42,0
DA:43,0
DA:44,0
DA:45,0
DA:46,0
DA:47,0
DA:48,0
DA:50,1
DA:53,1
DA:56,0
DA:58,2
DA:59,2
DA:63,1
LF:25
LH:16
BRDA:39,0,0,1
BRDA:39,0,1,0
BRDA:39,0,2,0
BRDA:39,0,3,0
BRDA:39,0,4,0
BRDA:39,0,5,0
BRDA:39,0,6,0
BRDA:39,0,7,0
BRDA:39,0,8,0
BRDA:39,0,9,1
BRF:10
BRH:2
end_of_record
TN:
SF:product_categories\returnStock.js
FN:15,(anonymous_0)
FNF:1
FNH:1
FNDA:6,(anonymous_0)
DA:1,1
DA:2,1
DA:13,1
DA:15,1
DA:16,6
DA:17,6
DA:18,6
DA:19,5
DA:20,1
DA:22,4
DA:23,1
DA:25,3
DA:26,1
DA:30,2
DA:32,3
DA:33,1
DA:34,1
DA:35,0
DA:36,0
DA:37,0
DA:38,0
DA:39,0
DA:40,0
DA:41,0
DA:43,1
DA:45,2
DA:49,1
DA:50,1
DA:52,1
DA:53,1
DA:55,1
DA:59,1
LF:32
LH:25
BRDA:19,0,0,1
BRDA:19,0,1,4
BRDA:22,1,0,1
BRDA:22,1,1,3
BRDA:25,2,0,1
BRDA:25,2,1,2
BRDA:32,3,0,1
BRDA:32,3,1,1
BRDA:32,3,2,0
BRDA:32,3,3,0
BRDA:32,3,4,0
BRDA:32,3,5,0
BRDA:32,3,6,0
BRDA:32,3,7,0
BRDA:32,3,8,0
BRDA:32,3,9,1
BRF:16
BRH:9
end_of_record
TN:
SF:product_categories\updateProduct.js
FN:14,(anonymous_0)
FNF:1
FNH:1
FNDA:4,(anonymous_0)
DA:11,1
DA:12,1
DA:14,1
DA:15,4
DA:16,4
DA:19,4
DA:20,3
DA:21,0
DA:22,0
DA:23,0
DA:24,0
DA:25,0
DA:26,0
DA:27,0
DA:28,0
DA:30,1
DA:33,3
DA:34,2
DA:35,1
DA:38,1
DA:39,1
DA:40,1
DA:41,1
DA:43,1
DA:44,1
DA:45,1
DA:47,1
DA:48,1
DA:49,1
DA:51,1
DA:52,1
DA:53,1
DA:56,1
DA:59,1
DA:60,1
DA:67,1
DA:69,1
DA:73,1
LF:38
LH:30
BRDA:19,0,0,3
BRDA:19,0,1,0
BRDA:19,0,2,0
BRDA:19,0,3,0
BRDA:19,0,4,0
BRDA:19,0,5,0
BRDA:19,0,6,0
BRDA:19,0,7,0
BRDA:19,0,8,0
BRDA:19,0,9,1
BRDA:34,1,0,1
BRDA:34,1,1,1
BRDA:39,2,0,1
BRDA:39,2,1,0
BRDA:39,3,0,1
BRDA:39,3,1,1
BRDA:43,4,0,1
BRDA:43,4,1,0
BRDA:43,5,0,1
BRDA:43,5,1,1
BRDA:47,6,0,1
BRDA:47,6,1,0
BRDA:47,7,0,1
BRDA:47,7,1,1
BRDA:51,8,0,1
BRDA:51,8,1,0
BRDA:51,9,0,1
BRDA:51,9,1,1
BRDA:59,10,0,1
BRDA:59,10,1,0
BRDA:61,11,0,1
BRDA:61,11,1,0
BRF:32
BRH:18
end_of_record
TN:
SF:product_categories\updateSaleStatus.js
FN:3,(anonymous_0)
FN:31,(anonymous_1)
FNF:2
FNH:0
FNDA:0,(anonymous_0)
FNDA:0,(anonymous_1)
DA:1,1
DA:3,1
DA:4,0
DA:5,0
DA:6,0
DA:7,0
DA:9,0
DA:24,0
DA:31,1
DA:32,0
DA:33,0
DA:34,0
DA:36,0
DA:38,0
DA:39,0
DA:42,0
DA:44,0
DA:46,0
DA:47,0
DA:51,1
LF:20
LH:4
BRDA:25,0,0,0
BRDA:25,0,1,0
BRDA:26,1,0,0
BRDA:26,1,1,0
BRDA:27,2,0,0
BRDA:27,2,1,0
BRDA:38,3,0,0
BRDA:38,3,1,0
BRF:8
BRH:0
end_of_record
